


ARM Macro Assembler    Page 1 


    1 00000000         ;/******************************************************
                       *************************
    2 00000000         ; * 版权所有 (C)2015, LINKO SEMICONDUCTOR Co.ltd
    3 00000000         ; *
    4 00000000         ; * 文件名称： startup_lks32mc081.s
    5 00000000         ; * 文件标识：
    6 00000000         ; * 内容摘要： 启动代码
    7 00000000         ; * 其它说明： 无
    8 00000000         ; * 当前版本： V 1.0
    9 00000000         ; * 作    者： 李鹏
   10 00000000         ; * 完成日期： 2015年11月5日
   11 00000000         ; *
   12 00000000         ; * 修改记录1：
   13 00000000         ; * 修改日期：2015年11月5日
   14 00000000         ; * 版 本 号：V 1.0
   15 00000000         ; * 修 改 人：李鹏
   16 00000000         ; * 修改内容：创建
   17 00000000         ; *
   18 00000000         ; * 修改记录2：
   19 00000000         ; * 修改日期：
   20 00000000         ; * 版 本 号：
   21 00000000         ; * 修 改 人：
   22 00000000         ; * 修改内容：
   23 00000000         ; *
   24 00000000         ; ******************************************************
                       *************************/
   25 00000000         ;* <<< Use Configuration Wizard in Context Menu >>>   
   26 00000000         ; <h> Stack Configuration
   27 00000000         ;   <o> Stack Size (in Bytes) <0x0-0xFFFFFFFF:8>
   28 00000000         ; </h>
   29 00000000         
   30 00000000 00000300 
                       Stack_Size
                               EQU              0x00000300
   31 00000000         
   32 00000000                 AREA             STACK, NOINIT, READWRITE, ALIGN
=3
   33 00000000         Stack_Mem
                               SPACE            Stack_Size
   34 00000300         __initial_sp
   35 00000300         
   36 00000300         
   37 00000300         ; <h> Heap Configuration
   38 00000300         ;   <o>  Heap Size (in Bytes) <0x0-0xFFFFFFFF:8>
   39 00000300         ; </h>
   40 00000300         
   41 00000300 00000200 
                       Heap_Size
                               EQU              0x00000200
   42 00000300         
   43 00000300                 AREA             HEAP, NOINIT, READWRITE, ALIGN=
3
   44 00000000         __heap_base
   45 00000000         Heap_Mem
                               SPACE            Heap_Size
   46 00000200         __heap_limit
   47 00000200         
   48 00000200                 PRESERVE8
   49 00000200                 THUMB



ARM Macro Assembler    Page 2 


   50 00000200         
   51 00000200         
   52 00000200         ; Vector Table Mapped to Address 0 at Reset
   53 00000200                 AREA             RESET, DATA, READONLY
   54 00000000                 EXPORT           __Vectors
   55 00000000                 EXPORT           __Vectors_End
   56 00000000                 EXPORT           __Vectors_Size
   57 00000000         
   58 00000000 00000000 
                       __Vectors
                               DCD              __initial_sp ; Top of Stack
   59 00000004 00000000        DCD              Reset_Handler ; Reset Handler
   60 00000008 00000000        DCD              NMI_Handler ; NMI Handler
   61 0000000C 00000000        DCD              HardFault_Handler ; Hard Fault 
                                                            Handler
   62 00000010 00000000        DCD              0           ; Reserved
   63 00000014 00000000        DCD              0           ; Reserved
   64 00000018 00000000        DCD              0           ; Reserved
   65 0000001C 00000000        DCD              0           ; Reserved
   66 00000020 00000000        DCD              0           ; Reserved
   67 00000024 00000000        DCD              0           ; Reserved
   68 00000028 00000000        DCD              0           ; Reserved
   69 0000002C 00000000        DCD              SVC_Handler ; SVCall Handler
   70 00000030 00000000        DCD              0           ; Reserved
   71 00000034 00000000        DCD              0           ; Reserved
   72 00000038 00000000        DCD              PendSV_Handler ; PendSV Handler
                                                            
   73 0000003C 00000000        DCD              SysTick_Handler 
                                                            ; SysTick Handler
   74 00000040         
   75 00000040         ; External Interrupts
   76 00000040         ; 0-3
   77 00000040 00000000        DCD              UTIMER0_IRQHandler ;
   78 00000044 00000000        DCD              UTIMER1_IRQHandler ;
   79 00000048 00000000        DCD              UTIMER2_IRQHandler ;
   80 0000004C 00000000        DCD              UTIMER3_IRQHandler ;
   81 00000050         
   82 00000050         ;4-7
   83 00000050 00000000        DCD              ENCODER0_IRQHandler ;
   84 00000054 00000000        DCD              ENCODER1_IRQHandler ;
   85 00000058 00000000        DCD              I2C0_IRQHandler ;
   86 0000005C 00000000        DCD              GPIO_IRQHandler ;
   87 00000060         
   88 00000060         ;8-11
   89 00000060 00000000        DCD              UART0_IRQHandler ;
   90 00000064 00000000        DCD              HALL_IRQHandler ;
   91 00000068 00000000        DCD              SPI0_IRQHandler ;
   92 0000006C 00000000        DCD              ADC0_IRQHandler ;
   93 00000070         
   94 00000070         ;12-15
   95 00000070 00000000        DCD              DSP_IRQHandler ;
   96 00000074 00000000        DCD              MCPWM_IRQHandler ;
   97 00000078 00000000        DCD              UART1_IRQHandler ;
   98 0000007C 00000000        DCD              CMP_IRQHandler ;
   99 00000080         
  100 00000080         ;16-19
  101 00000080 00000000        DCD              WAKE_IRQHandler ;
  102 00000084 00000000        DCD              PWRDN_IRQHandler ;
  103 00000088 00000000        DCD              DMA_IRQHandler ;



ARM Macro Assembler    Page 3 


  104 0000008C 00000000        DCD              CAN_IRQHandler ;
  105 00000090         
  106 00000090         ;20-23
  107 00000090 00000000        DCD              SIF_IRQHandler ;
  108 00000094 00000000        DCD              0           ;
  109 00000098 00000000        DCD              0           ;
  110 0000009C 00000000        DCD              0           ;
  111 000000A0         
  112 000000A0         ;24-27
  113 000000A0 00000000        DCD              0           ;
  114 000000A4 00000000        DCD              0           ;
  115 000000A8 00000000        DCD              0           ;
  116 000000AC 00000000        DCD              0           ;
  117 000000B0         
  118 000000B0         ;28-31
  119 000000B0 00000000        DCD              0           ;
  120 000000B4 00000000        DCD              0           ;
  121 000000B8 00000000        DCD              0           ;
  122 000000BC 00000000        DCD              0           ;
  123 000000C0         
  124 000000C0         __Vectors_End
  125 000000C0         
  126 000000C0 000000C0 
                       __Vectors_Size
                               EQU              __Vectors_End - __Vectors
  127 000000C0         
  128 000000C0                 AREA             |.text|, CODE, READONLY
  129 00000000         
  130 00000000         ; Reset handler routine
  131 00000000         Reset_Handler
                               PROC
  132 00000000                 EXPORT           Reset_Handler                 [
WEAK]
  133 00000000                 IMPORT           __main
  134 00000000                 IMPORT           SystemInit
  135 00000000         
  136 00000000         
  137 00000000         
  138 00000000 4806            LDR              R0, =__initial_sp ; set stack p
                                                            ointer 
  139 00000002 F380 8808       MSR              MSP, R0
  140 00000006         
  141 00000006         
  142 00000006         ApplicationStart
  143 00000006 4806            LDR              R0, =SystemInit
  144 00000008 4780            BLX              R0
  145 0000000A 4806            LDR              R0, =__main
  146 0000000C 4700            BX               R0
  147 0000000E                 ENDP
  148 0000000E         
  149 0000000E         ; Dummy Exception Handlers (infinite loops which can be 
                       modified)
  150 0000000E         
  151 0000000E         NMI_Handler
                               PROC
  152 0000000E                 EXPORT           NMI_Handler                    
[WEAK]
  153 0000000E E7FE            B                .
  154 00000010                 ENDP



ARM Macro Assembler    Page 4 


  156 00000010         HardFault_Handler
                               PROC
  157 00000010                 EXPORT           HardFault_Handler              
[WEAK]
  158 00000010 E7FE            B                .
  159 00000012                 ENDP
  160 00000012         SVC_Handler
                               PROC
  161 00000012                 EXPORT           SVC_Handler                    
[WEAK]
  162 00000012 E7FE            B                .
  163 00000014                 ENDP
  164 00000014         PendSV_Handler
                               PROC
  165 00000014                 EXPORT           PendSV_Handler                 
[WEAK]
  166 00000014 E7FE            B                .
  167 00000016                 ENDP
  168 00000016         SysTick_Handler
                               PROC
  169 00000016                 EXPORT           SysTick_Handler                
[WEAK]
  170 00000016 E7FE            B                .
  171 00000018                 ENDP
  172 00000018         
  173 00000018         Default_Handler
                               PROC
  174 00000018         
  175 00000018                 EXPORT           UTIMER0_IRQHandler             
[WEAK]
  176 00000018                 EXPORT           UTIMER1_IRQHandler             
[WEAK]
  177 00000018                 EXPORT           UTIMER2_IRQHandler             
[WEAK]
  178 00000018                 EXPORT           UTIMER3_IRQHandler             
[WEAK]
  179 00000018                 EXPORT           ENCODER0_IRQHandler            
[WEAK]
  180 00000018                 EXPORT           ENCODER1_IRQHandler            
[WEAK]
  181 00000018                 EXPORT           I2C0_IRQHandler                
[WEAK]
  182 00000018                 EXPORT           GPIO_IRQHandler                
[WEAK]
  183 00000018                 EXPORT           UART0_IRQHandler               
[WEAK]
  184 00000018                 EXPORT           HALL_IRQHandler                
[WEAK]
  185 00000018                 EXPORT           SPI0_IRQHandler                
[WEAK]
  186 00000018                 EXPORT           ADC0_IRQHandler                
[WEAK]
  187 00000018                 EXPORT           DSP_IRQHandler                 
[WEAK]
  188 00000018                 EXPORT           MCPWM_IRQHandler               
[WEAK]
  189 00000018                 EXPORT           UART1_IRQHandler               
[WEAK]
  190 00000018                 EXPORT           CMP_IRQHandler                 



ARM Macro Assembler    Page 5 


[WEAK]
  191 00000018                 EXPORT           WAKE_IRQHandler                
[WEAK]
  192 00000018                 EXPORT           PWRDN_IRQHandler               
[WEAK]
  193 00000018                 EXPORT           DMA_IRQHandler                 
[WEAK]
  194 00000018                 EXPORT           CAN_IRQHandler                 
[WEAK]
  195 00000018                 EXPORT           SIF_IRQHandler             [WEA
K]
  196 00000018         
  197 00000018         
  198 00000018         UTIMER0_IRQHandler
  199 00000018         UTIMER1_IRQHandler
  200 00000018         UTIMER2_IRQHandler
  201 00000018         UTIMER3_IRQHandler
  202 00000018         ENCODER0_IRQHandler
  203 00000018         ENCODER1_IRQHandler
  204 00000018         I2C0_IRQHandler
  205 00000018         GPIO_IRQHandler
  206 00000018         UART0_IRQHandler
  207 00000018         HALL_IRQHandler
  208 00000018         SPI0_IRQHandler
  209 00000018         ADC0_IRQHandler
  210 00000018         DSP_IRQHandler
  211 00000018         MCPWM_IRQHandler
  212 00000018         UART1_IRQHandler
  213 00000018         CMP_IRQHandler
  214 00000018         WAKE_IRQHandler
  215 00000018         PWRDN_IRQHandler
  216 00000018         DMA_IRQHandler
  217 00000018         CAN_IRQHandler
  218 00000018         SIF_IRQHandler
  219 00000018 E7FE            B                .
  220 0000001A         
  221 0000001A                 ENDP
  222 0000001A         
  223 0000001A 00 00           ALIGN
  224 0000001C         
  225 0000001C         ;*******************************************************
                       ************************
  226 0000001C         ; User Stack and Heap initialization
  227 0000001C         ;*******************************************************
                       ************************
  228 0000001C                 IF               :DEF:__MICROLIB
  229 0000001C         
  230 0000001C                 EXPORT           __initial_sp
  231 0000001C                 EXPORT           __heap_base
  232 0000001C                 EXPORT           __heap_limit
  233 0000001C         
  234 0000001C                 ELSE
  249                          ENDIF
  250 0000001C         
  251 0000001C                 END
              00000000 
              00000000 
              00000000 
Command Line: --debug --xref --diag_suppress=9931 --cpu=Cortex-M0 --apcs=interw



ARM Macro Assembler    Page 6 


ork --depend=.\objects\startup_lks32mc08x.d -o.\objects\startup_lks32mc08x.o -I
.\RTE\_Target_1 -ID:\Keil_V5\ARM\PACK\Linko\LKS08x\1.0.7\Device\Include -ID:\Ke
il_V5\ARM\CMSIS\Include --predefine="__MICROLIB SETA 1" --predefine="__UVISION_
VERSION SETA 526" --list=.\listings\startup_lks32mc08x.lst Source\startup_lks32
mc08x.s



ARM Macro Assembler    Page 1 Alphabetic symbol ordering
Relocatable symbols

STACK 00000000

Symbol: STACK
   Definitions
      At line 32 in file Source\startup_lks32mc08x.s
   Uses
      None
Comment: STACK unused
Stack_Mem 00000000

Symbol: Stack_Mem
   Definitions
      At line 33 in file Source\startup_lks32mc08x.s
   Uses
      None
Comment: Stack_Mem unused
__initial_sp 00000300

Symbol: __initial_sp
   Definitions
      At line 34 in file Source\startup_lks32mc08x.s
   Uses
      At line 58 in file Source\startup_lks32mc08x.s
      At line 138 in file Source\startup_lks32mc08x.s
      At line 230 in file Source\startup_lks32mc08x.s

3 symbols



ARM Macro Assembler    Page 1 Alphabetic symbol ordering
Relocatable symbols

HEAP 00000000

Symbol: HEAP
   Definitions
      At line 43 in file Source\startup_lks32mc08x.s
   Uses
      None
Comment: HEAP unused
Heap_Mem 00000000

Symbol: Heap_Mem
   Definitions
      At line 45 in file Source\startup_lks32mc08x.s
   Uses
      None
Comment: Heap_Mem unused
__heap_base 00000000

Symbol: __heap_base
   Definitions
      At line 44 in file Source\startup_lks32mc08x.s
   Uses
      At line 231 in file Source\startup_lks32mc08x.s
Comment: __heap_base used once
__heap_limit 00000200

Symbol: __heap_limit
   Definitions
      At line 46 in file Source\startup_lks32mc08x.s
   Uses
      At line 232 in file Source\startup_lks32mc08x.s
Comment: __heap_limit used once
4 symbols



ARM Macro Assembler    Page 1 Alphabetic symbol ordering
Relocatable symbols

RESET 00000000

Symbol: RESET
   Definitions
      At line 53 in file Source\startup_lks32mc08x.s
   Uses
      None
Comment: RESET unused
__Vectors 00000000

Symbol: __Vectors
   Definitions
      At line 58 in file Source\startup_lks32mc08x.s
   Uses
      At line 54 in file Source\startup_lks32mc08x.s
      At line 126 in file Source\startup_lks32mc08x.s

__Vectors_End 000000C0

Symbol: __Vectors_End
   Definitions
      At line 124 in file Source\startup_lks32mc08x.s
   Uses
      At line 55 in file Source\startup_lks32mc08x.s
      At line 126 in file Source\startup_lks32mc08x.s

3 symbols



ARM Macro Assembler    Page 1 Alphabetic symbol ordering
Relocatable symbols

.text 00000000

Symbol: .text
   Definitions
      At line 128 in file Source\startup_lks32mc08x.s
   Uses
      None
Comment: .text unused
ADC0_IRQHandler 00000018

Symbol: ADC0_IRQHandler
   Definitions
      At line 209 in file Source\startup_lks32mc08x.s
   Uses
      At line 92 in file Source\startup_lks32mc08x.s
      At line 186 in file Source\startup_lks32mc08x.s

ApplicationStart 00000006

Symbol: ApplicationStart
   Definitions
      At line 142 in file Source\startup_lks32mc08x.s
   Uses
      None
Comment: ApplicationStart unused
CAN_IRQHandler 00000018

Symbol: CAN_IRQHandler
   Definitions
      At line 217 in file Source\startup_lks32mc08x.s
   Uses
      At line 104 in file Source\startup_lks32mc08x.s
      At line 194 in file Source\startup_lks32mc08x.s

CMP_IRQHandler 00000018

Symbol: CMP_IRQHandler
   Definitions
      At line 213 in file Source\startup_lks32mc08x.s
   Uses
      At line 98 in file Source\startup_lks32mc08x.s
      At line 190 in file Source\startup_lks32mc08x.s

DMA_IRQHandler 00000018

Symbol: DMA_IRQHandler
   Definitions
      At line 216 in file Source\startup_lks32mc08x.s
   Uses
      At line 103 in file Source\startup_lks32mc08x.s
      At line 193 in file Source\startup_lks32mc08x.s

DSP_IRQHandler 00000018

Symbol: DSP_IRQHandler
   Definitions
      At line 210 in file Source\startup_lks32mc08x.s
   Uses
      At line 95 in file Source\startup_lks32mc08x.s



ARM Macro Assembler    Page 2 Alphabetic symbol ordering
Relocatable symbols

      At line 187 in file Source\startup_lks32mc08x.s

Default_Handler 00000018

Symbol: Default_Handler
   Definitions
      At line 173 in file Source\startup_lks32mc08x.s
   Uses
      None
Comment: Default_Handler unused
ENCODER0_IRQHandler 00000018

Symbol: ENCODER0_IRQHandler
   Definitions
      At line 202 in file Source\startup_lks32mc08x.s
   Uses
      At line 83 in file Source\startup_lks32mc08x.s
      At line 179 in file Source\startup_lks32mc08x.s

ENCODER1_IRQHandler 00000018

Symbol: ENCODER1_IRQHandler
   Definitions
      At line 203 in file Source\startup_lks32mc08x.s
   Uses
      At line 84 in file Source\startup_lks32mc08x.s
      At line 180 in file Source\startup_lks32mc08x.s

GPIO_IRQHandler 00000018

Symbol: GPIO_IRQHandler
   Definitions
      At line 205 in file Source\startup_lks32mc08x.s
   Uses
      At line 86 in file Source\startup_lks32mc08x.s
      At line 182 in file Source\startup_lks32mc08x.s

HALL_IRQHandler 00000018

Symbol: HALL_IRQHandler
   Definitions
      At line 207 in file Source\startup_lks32mc08x.s
   Uses
      At line 90 in file Source\startup_lks32mc08x.s
      At line 184 in file Source\startup_lks32mc08x.s

HardFault_Handler 00000010

Symbol: HardFault_Handler
   Definitions
      At line 156 in file Source\startup_lks32mc08x.s
   Uses
      At line 61 in file Source\startup_lks32mc08x.s
      At line 157 in file Source\startup_lks32mc08x.s

I2C0_IRQHandler 00000018

Symbol: I2C0_IRQHandler
   Definitions



ARM Macro Assembler    Page 3 Alphabetic symbol ordering
Relocatable symbols

      At line 204 in file Source\startup_lks32mc08x.s
   Uses
      At line 85 in file Source\startup_lks32mc08x.s
      At line 181 in file Source\startup_lks32mc08x.s

MCPWM_IRQHandler 00000018

Symbol: MCPWM_IRQHandler
   Definitions
      At line 211 in file Source\startup_lks32mc08x.s
   Uses
      At line 96 in file Source\startup_lks32mc08x.s
      At line 188 in file Source\startup_lks32mc08x.s

NMI_Handler 0000000E

Symbol: NMI_Handler
   Definitions
      At line 151 in file Source\startup_lks32mc08x.s
   Uses
      At line 60 in file Source\startup_lks32mc08x.s
      At line 152 in file Source\startup_lks32mc08x.s

PWRDN_IRQHandler 00000018

Symbol: PWRDN_IRQHandler
   Definitions
      At line 215 in file Source\startup_lks32mc08x.s
   Uses
      At line 102 in file Source\startup_lks32mc08x.s
      At line 192 in file Source\startup_lks32mc08x.s

PendSV_Handler 00000014

Symbol: PendSV_Handler
   Definitions
      At line 164 in file Source\startup_lks32mc08x.s
   Uses
      At line 72 in file Source\startup_lks32mc08x.s
      At line 165 in file Source\startup_lks32mc08x.s

Reset_Handler 00000000

Symbol: Reset_Handler
   Definitions
      At line 131 in file Source\startup_lks32mc08x.s
   Uses
      At line 59 in file Source\startup_lks32mc08x.s
      At line 132 in file Source\startup_lks32mc08x.s

SIF_IRQHandler 00000018

Symbol: SIF_IRQHandler
   Definitions
      At line 218 in file Source\startup_lks32mc08x.s
   Uses
      At line 107 in file Source\startup_lks32mc08x.s
      At line 195 in file Source\startup_lks32mc08x.s




ARM Macro Assembler    Page 4 Alphabetic symbol ordering
Relocatable symbols

SPI0_IRQHandler 00000018

Symbol: SPI0_IRQHandler
   Definitions
      At line 208 in file Source\startup_lks32mc08x.s
   Uses
      At line 91 in file Source\startup_lks32mc08x.s
      At line 185 in file Source\startup_lks32mc08x.s

SVC_Handler 00000012

Symbol: SVC_Handler
   Definitions
      At line 160 in file Source\startup_lks32mc08x.s
   Uses
      At line 69 in file Source\startup_lks32mc08x.s
      At line 161 in file Source\startup_lks32mc08x.s

SysTick_Handler 00000016

Symbol: SysTick_Handler
   Definitions
      At line 168 in file Source\startup_lks32mc08x.s
   Uses
      At line 73 in file Source\startup_lks32mc08x.s
      At line 169 in file Source\startup_lks32mc08x.s

UART0_IRQHandler 00000018

Symbol: UART0_IRQHandler
   Definitions
      At line 206 in file Source\startup_lks32mc08x.s
   Uses
      At line 89 in file Source\startup_lks32mc08x.s
      At line 183 in file Source\startup_lks32mc08x.s

UART1_IRQHandler 00000018

Symbol: UART1_IRQHandler
   Definitions
      At line 212 in file Source\startup_lks32mc08x.s
   Uses
      At line 97 in file Source\startup_lks32mc08x.s
      At line 189 in file Source\startup_lks32mc08x.s

UTIMER0_IRQHandler 00000018

Symbol: UTIMER0_IRQHandler
   Definitions
      At line 198 in file Source\startup_lks32mc08x.s
   Uses
      At line 77 in file Source\startup_lks32mc08x.s
      At line 175 in file Source\startup_lks32mc08x.s

UTIMER1_IRQHandler 00000018

Symbol: UTIMER1_IRQHandler
   Definitions
      At line 199 in file Source\startup_lks32mc08x.s



ARM Macro Assembler    Page 5 Alphabetic symbol ordering
Relocatable symbols

   Uses
      At line 78 in file Source\startup_lks32mc08x.s
      At line 176 in file Source\startup_lks32mc08x.s

UTIMER2_IRQHandler 00000018

Symbol: UTIMER2_IRQHandler
   Definitions
      At line 200 in file Source\startup_lks32mc08x.s
   Uses
      At line 79 in file Source\startup_lks32mc08x.s
      At line 177 in file Source\startup_lks32mc08x.s

UTIMER3_IRQHandler 00000018

Symbol: UTIMER3_IRQHandler
   Definitions
      At line 201 in file Source\startup_lks32mc08x.s
   Uses
      At line 80 in file Source\startup_lks32mc08x.s
      At line 178 in file Source\startup_lks32mc08x.s

WAKE_IRQHandler 00000018

Symbol: WAKE_IRQHandler
   Definitions
      At line 214 in file Source\startup_lks32mc08x.s
   Uses
      At line 101 in file Source\startup_lks32mc08x.s
      At line 191 in file Source\startup_lks32mc08x.s

30 symbols



ARM Macro Assembler    Page 1 Alphabetic symbol ordering
Absolute symbols

Heap_Size 00000200

Symbol: Heap_Size
   Definitions
      At line 41 in file Source\startup_lks32mc08x.s
   Uses
      At line 45 in file Source\startup_lks32mc08x.s
Comment: Heap_Size used once
Stack_Size 00000300

Symbol: Stack_Size
   Definitions
      At line 30 in file Source\startup_lks32mc08x.s
   Uses
      At line 33 in file Source\startup_lks32mc08x.s
Comment: Stack_Size used once
__Vectors_Size 000000C0

Symbol: __Vectors_Size
   Definitions
      At line 126 in file Source\startup_lks32mc08x.s
   Uses
      At line 56 in file Source\startup_lks32mc08x.s
Comment: __Vectors_Size used once
3 symbols



ARM Macro Assembler    Page 1 Alphabetic symbol ordering
External symbols

SystemInit 00000000

Symbol: SystemInit
   Definitions
      At line 134 in file Source\startup_lks32mc08x.s
   Uses
      At line 143 in file Source\startup_lks32mc08x.s
Comment: SystemInit used once
__main 00000000

Symbol: __main
   Definitions
      At line 133 in file Source\startup_lks32mc08x.s
   Uses
      At line 145 in file Source\startup_lks32mc08x.s
Comment: __main used once
2 symbols
379 symbols in table
